2021-04-20 18:17:02,611 - DEBUG - decorators - Была вызвана функция main c параметрами () , {}. Вызов из модуля __main__ 
2021-04-20 18:17:02,611 - DEBUG - decorators - Была вызвана функция config_load c параметрами () , {}. Вызов из модуля __main__ 
2021-04-20 18:17:02,611 - DEBUG - decorators - Была вызвана функция arg_parser c параметрами ('7777', '') , {}. Вызов из модуля __main__ 
2021-04-20 18:17:02,611 - DEBUG - server - Инициализация парсера аргументов коммандной строки: ['D:/Работа/Geek Brains/ОБУЧЕНИЕ/8.Базы данных и PyQT/messenger---visual-shell-.git/messenger/server.py'] 
2021-04-20 18:17:02,611 - DEBUG - server - Аргументы успешно загружены. 
2021-04-20 18:17:03,752 - INFO - core - Запущен сервер, порт для подключений: 7777 , адрес с которого принимаются подключения: . Если адрес не указан, принимаются соединения с любых адресов. 
2021-04-20 18:19:09,201 - INFO - core - Установлено соединение с: ('127.0.0.1', 50741) 
2021-04-20 18:19:59,133 - DEBUG - decorators - Была вызвана функция main c параметрами () , {}. Вызов из модуля __main__ 
2021-04-20 18:19:59,133 - DEBUG - decorators - Была вызвана функция config_load c параметрами () , {}. Вызов из модуля __main__ 
2021-04-20 18:19:59,133 - DEBUG - decorators - Была вызвана функция arg_parser c параметрами ('7777', '') , {}. Вызов из модуля __main__ 
2021-04-20 18:19:59,133 - DEBUG - server - Инициализация парсера аргументов коммандной строки: ['D:/Работа/Geek Brains/ОБУЧЕНИЕ/8.Базы данных и PyQT/messenger---visual-shell-.git/messenger/server.py'] 
2021-04-20 18:19:59,133 - DEBUG - server - Аргументы успешно загружены. 
2021-04-20 18:19:59,365 - INFO - core - Запущен сервер, порт для подключений: 7777 , адрес с которого принимаются подключения: . Если адрес не указан, принимаются соединения с любых адресов. 
2021-04-20 18:20:16,689 - INFO - core - Установлено соединение с: ('127.0.0.1', 50767) 
2021-04-20 18:22:26,339 - DEBUG - decorators - Была вызвана функция main c параметрами () , {}. Вызов из модуля __main__ 
2021-04-20 18:22:26,339 - DEBUG - decorators - Была вызвана функция config_load c параметрами () , {}. Вызов из модуля __main__ 
2021-04-20 18:22:26,339 - DEBUG - decorators - Была вызвана функция arg_parser c параметрами ('7777', '') , {}. Вызов из модуля __main__ 
2021-04-20 18:22:26,339 - DEBUG - server - Инициализация парсера аргументов коммандной строки: ['server.py'] 
2021-04-20 18:22:26,339 - DEBUG - server - Аргументы успешно загружены. 
2021-04-20 18:22:26,593 - INFO - core - Запущен сервер, порт для подключений: 7777 , адрес с которого принимаются подключения: . Если адрес не указан, принимаются соединения с любых адресов. 
